<?xml version="1.0" encoding="UTF-8"?>
<testng-results skipped="0" failed="0" total="1" passed="1">
  <reporter-output>
  </reporter-output>
  <suite name="Default suite" duration-ms="31" started-at="2015-04-14T06:44:14Z" finished-at="2015-04-14T06:44:14Z">
    <groups>
    </groups>
    <test name="Default test" duration-ms="31" started-at="2015-04-14T06:44:14Z" finished-at="2015-04-14T06:44:14Z">
      <class name="me.jzz.study.gof.test.interpreter.InterpreterTest">
        <test-method status="PASS" signature="test()[pri:0, instance:me.jzz.study.gof.test.interpreter.InterpreterTest@7f62a9bf]" name="test" duration-ms="16" started-at="2015-04-14T14:44:14Z" finished-at="2015-04-14T14:44:14Z">
          <reporter-output>
          </reporter-output>
        </test-method> <!-- test -->
      </class> <!-- me.jzz.study.gof.test.interpreter.InterpreterTest -->
    </test> <!-- Default test -->
  </suite> <!-- Default suite -->
</testng-results>
