<?xml version="1.0" encoding="UTF-8"?>
<!-- Generated by org.testng.reporters.JUnitXMLReporter -->
<testsuite hostname="rono-PC" name="Command line test" tests="4" failures="0" timestamp="16 Apr 2015 07:39:22 GMT" time="0.016" errors="0">
  <testcase name="test" time="0.0" classname="me.jzz.study.jdk.test.number.ShortTest"/>
  <testcase name="test" time="0.0" classname="me.jzz.study.jdk.test.string.StringBufferStringBuilderTest"/>
  <testcase name="test" time="0.0" classname="me.jzz.study.jdk.test.string.StringTest"/>
  <testcase name="test1" time="0.0" classname="me.jzz.study.jdk.test.string.StringTest"/>
</testsuite>
